Using pre-set license
Built from '2020.3/staging' branch; Version is '2020.3.3f1 (76626098c1c4) revision 7758432'; Using compiler version '192528614'; Build Type 'Release'
OS: 'Windows 10 Home; OS build 19043.1165; Version 2009; 64bit' Language: 'en' Physical Memory: 8007 MB
BatchMode: 1, IsHumanControllingUs: 0, StartBugReporterOnCrash: 0, Is64bit: 1, IsPro: 0

 COMMAND LINE ARGUMENTS:
C:\Program Files\Unity\Hub\Editor\2020.3.3f1\Editor\Unity.exe
-adb2
-batchMode
-noUpm
-name
AssetImportWorker0
-projectPath
C:/Users/katia/My First Project
-logFile
Logs/AssetImportWorker0.log
-srvPort
54726
Successfully changed project path to: C:/Users/katia/My First Project
C:/Users/katia/My First Project
Using Asset Import Pipeline V2.
Refreshing native plugins compatible for Editor in 88.92 ms, found 0 plugins.
Preloading 0 native plugins for Editor in 0.00 ms.
Initialize engine version: 2020.3.3f1 (76626098c1c4)
[Subsystems] Discovering subsystems at path C:/Program Files/Unity/Hub/Editor/2020.3.3f1/Editor/Data/Resources/UnitySubsystems
[Subsystems] Discovering subsystems at path C:/Users/katia/My First Project/Assets
GfxDevice: creating device client; threaded=0
Direct3D:
    Version:  Direct3D 11.0 [level 11.1]
    Renderer: Intel(R) UHD Graphics 620 (ID=0x5917)
    Vendor:   
    VRAM:     4003 MB
    Driver:   23.20.16.4973
Initialize mono
Mono path[0] = 'C:/Program Files/Unity/Hub/Editor/2020.3.3f1/Editor/Data/Managed'
Mono path[1] = 'C:/Program Files/Unity/Hub/Editor/2020.3.3f1/Editor/Data/MonoBleedingEdge/lib/mono/unityjit'
Mono config path = 'C:/Program Files/Unity/Hub/Editor/2020.3.3f1/Editor/Data/MonoBleedingEdge/etc'
Using monoOptions --debugger-agent=transport=dt_socket,embedding=1,server=y,suspend=n,address=127.0.0.1:56876
Begin MonoManager ReloadAssembly
Registering precompiled unity dll's ...
Register platform support module: C:/Program Files/Unity/Hub/Editor/2020.3.3f1/Editor/Data/PlaybackEngines/WindowsStandaloneSupport/UnityEditor.WindowsStandalone.Extensions.dll
Registered in 0.010064 seconds.
Native extension for WindowsStandalone target not found
Refreshing native plugins compatible for Editor in 84.21 ms, found 0 plugins.
Preloading 0 native plugins for Editor in 0.00 ms.
Invoked RoslynAnalysisRunner static constructor.
RoslynAnalysisRunner will not be running.
RoslynAnalysisRunner has terminated.
Mono: successfully reloaded assembly
- Completed reload, in  6.566 seconds
Platform modules already initialized, skipping
Registering precompiled user dll's ...
Registered in 0.004385 seconds.
Begin MonoManager ReloadAssembly
Native extension for WindowsStandalone target not found
Refreshing native plugins compatible for Editor in 0.84 ms, found 0 plugins.
Preloading 0 native plugins for Editor in 0.00 ms.
Invoked RoslynAnalysisRunner static constructor.
RoslynAnalysisRunner will not be running.
RoslynAnalysisRunner has terminated.
Mono: successfully reloaded assembly
- Completed reload, in  2.737 seconds
Platform modules already initialized, skipping
========================================================================
Worker process is ready to serve import requests
Launched and connected shader compiler UnityShaderCompiler.exe after 0.15 seconds
Refreshing native plugins compatible for Editor in 0.85 ms, found 0 plugins.
Preloading 0 native plugins for Editor in 0.00 ms.
Unloading 1128 Unused Serialized files (Serialized files now loaded: 0)
System memory in use before: 146.0 MB.
System memory in use after: 146.1 MB.

Unloading 10 unused Assets to reduce memory usage. Loaded Objects now: 1601.
Total: 9.344300 ms (FindLiveObjects: 0.471600 ms CreateObjectMapping: 0.140200 ms MarkObjects: 8.155000 ms  DeleteObjects: 0.572800 ms)

========================================================================
Received Import Request.
  path: Assets/Prefabs/indoorStairsBalcony.prefab
  artifactKey: Guid(efba8b63f689f1e46ab35b169dd4acf1) Importer(815301076,1909f56bfc062723c751e8b465ee728b)
Start importing Assets/Prefabs/indoorStairsBalcony.prefab using Guid(efba8b63f689f1e46ab35b169dd4acf1) Importer(815301076,1909f56bfc062723c751e8b465ee728b)  -> (artifact id: '7e4586ba9e28d578b8670290419e802c') in 0.446152 seconds
  Import took 0.456257 seconds .

========================================================================
Received Import Request.
  Time since last request: 0.000484 seconds.
  path: Assets/Prefabs/NPC/bad2/getHit.anim
  artifactKey: Guid(5e90b30b3e745cd4097324f2bad4df6b) Importer(815301076,1909f56bfc062723c751e8b465ee728b)
Start importing Assets/Prefabs/NPC/bad2/getHit.anim using Guid(5e90b30b3e745cd4097324f2bad4df6b) Importer(815301076,1909f56bfc062723c751e8b465ee728b)  -> (artifact id: '924ac5aabf860cc28d79db1bebe29130') in 0.032331 seconds
  Import took 0.037608 seconds .

========================================================================
Received Import Request.
  Time since last request: 7.523985 seconds.
  path: Assets/Prefabs/NPC/bad2/walk.anim
  artifactKey: Guid(5c269bb7d1bee8d48ac58eb17c0736f0) Importer(815301076,1909f56bfc062723c751e8b465ee728b)
Start importing Assets/Prefabs/NPC/bad2/walk.anim using Guid(5c269bb7d1bee8d48ac58eb17c0736f0) Importer(815301076,1909f56bfc062723c751e8b465ee728b)  -> (artifact id: '49cce1e9290e64c1a4b7479f1bb7b249') in 0.057344 seconds
  Import took 0.063498 seconds .

========================================================================
Received Import Request.
  Time since last request: 0.005670 seconds.
  path: Assets/Prefabs/NPC/bad2/walk.anim
  artifactKey: Guid(5c269bb7d1bee8d48ac58eb17c0736f0) Importer(815301076,1909f56bfc062723c751e8b465ee728b)
Start importing Assets/Prefabs/NPC/bad2/walk.anim using Guid(5c269bb7d1bee8d48ac58eb17c0736f0) Importer(815301076,1909f56bfc062723c751e8b465ee728b)  -> (artifact id: '49cce1e9290e64c1a4b7479f1bb7b249') in 0.042709 seconds
  Import took 0.047386 seconds .

========================================================================
Received Prepare
Registering precompiled user dll's ...
Registered in 0.002752 seconds.
Begin MonoManager ReloadAssembly
Native extension for WindowsStandalone target not found
Refreshing native plugins compatible for Editor in 0.82 ms, found 0 plugins.
Preloading 0 native plugins for Editor in 0.00 ms.
Invoked RoslynAnalysisRunner static constructor.
RoslynAnalysisRunner will not be running.
RoslynAnalysisRunner has terminated.
Mono: successfully reloaded assembly
- Completed reload, in  2.865 seconds
Platform modules already initialized, skipping
Refreshing native plugins compatible for Editor in 0.73 ms, found 0 plugins.
Preloading 0 native plugins for Editor in 0.00 ms.
Unloading 1123 Unused Serialized files (Serialized files now loaded: 0)
System memory in use before: 149.1 MB.
System memory in use after: 149.2 MB.

Unloading 5 unused Assets to reduce memory usage. Loaded Objects now: 1612.
Total: 5.732100 ms (FindLiveObjects: 0.415500 ms CreateObjectMapping: 0.068600 ms MarkObjects: 5.015800 ms  DeleteObjects: 0.227500 ms)

========================================================================
Received Import Request.
  Time since last request: 357.844961 seconds.
  path: Assets/Scripts/PickGun.cs
  artifactKey: Guid(a513ae168306f53448ca35354fde8892) Importer(815301076,1909f56bfc062723c751e8b465ee728b)
Start importing Assets/Scripts/PickGun.cs using Guid(a513ae168306f53448ca35354fde8892) Importer(815301076,1909f56bfc062723c751e8b465ee728b)  -> (artifact id: 'ab17ca945248a732f75dc9005f59ecbf') in 0.028725 seconds
  Import took 0.034878 seconds .

========================================================================
Received Import Request.
  Time since last request: 13.450176 seconds.
  path: Assets/Scripts/pickGrenade.cs
  artifactKey: Guid(b8904210e78c932498eba85002fbee84) Importer(815301076,1909f56bfc062723c751e8b465ee728b)
Start importing Assets/Scripts/pickGrenade.cs using Guid(b8904210e78c932498eba85002fbee84) Importer(815301076,1909f56bfc062723c751e8b465ee728b)  -> (artifact id: 'c2e9d2b14b2ac2cbbd00abcacd78c11e') in 0.022242 seconds
  Import took 0.030020 seconds .

========================================================================
Received Prepare
Registering precompiled user dll's ...
Registered in 0.002548 seconds.
Begin MonoManager ReloadAssembly
Native extension for WindowsStandalone target not found
Refreshing native plugins compatible for Editor in 0.80 ms, found 0 plugins.
Preloading 0 native plugins for Editor in 0.00 ms.
Invoked RoslynAnalysisRunner static constructor.
RoslynAnalysisRunner will not be running.
RoslynAnalysisRunner has terminated.
Mono: successfully reloaded assembly
- Completed reload, in  2.738 seconds
Platform modules already initialized, skipping
Refreshing native plugins compatible for Editor in 0.52 ms, found 0 plugins.
Preloading 0 native plugins for Editor in 0.00 ms.
Unloading 1124 Unused Serialized files (Serialized files now loaded: 0)
System memory in use before: 149.2 MB.
System memory in use after: 149.2 MB.

Unloading 5 unused Assets to reduce memory usage. Loaded Objects now: 1616.
Total: 3.135600 ms (FindLiveObjects: 0.213300 ms CreateObjectMapping: 0.063200 ms MarkObjects: 2.731100 ms  DeleteObjects: 0.125800 ms)

========================================================================
Received Prepare
Registering precompiled user dll's ...
Registered in 0.003153 seconds.
Begin MonoManager ReloadAssembly
Native extension for WindowsStandalone target not found
Refreshing native plugins compatible for Editor in 0.96 ms, found 0 plugins.
Preloading 0 native plugins for Editor in 0.00 ms.
Invoked RoslynAnalysisRunner static constructor.
RoslynAnalysisRunner will not be running.
RoslynAnalysisRunner has terminated.
Mono: successfully reloaded assembly
- Completed reload, in  2.599 seconds
Platform modules already initialized, skipping
Refreshing native plugins compatible for Editor in 0.83 ms, found 0 plugins.
Preloading 0 native plugins for Editor in 0.00 ms.
Unloading 1124 Unused Serialized files (Serialized files now loaded: 0)
System memory in use before: 149.2 MB.
System memory in use after: 149.2 MB.

Unloading 5 unused Assets to reduce memory usage. Loaded Objects now: 1619.
Total: 5.493900 ms (FindLiveObjects: 0.577100 ms CreateObjectMapping: 0.208600 ms MarkObjects: 4.461400 ms  DeleteObjects: 0.241800 ms)

========================================================================
Received Prepare
Registering precompiled user dll's ...
Registered in 0.002985 seconds.
Begin MonoManager ReloadAssembly
Native extension for WindowsStandalone target not found
Refreshing native plugins compatible for Editor in 0.83 ms, found 0 plugins.
Preloading 0 native plugins for Editor in 0.00 ms.
Invoked RoslynAnalysisRunner static constructor.
RoslynAnalysisRunner will not be running.
RoslynAnalysisRunner has terminated.
Mono: successfully reloaded assembly
- Completed reload, in  2.508 seconds
Platform modules already initialized, skipping
Refreshing native plugins compatible for Editor in 0.60 ms, found 0 plugins.
Preloading 0 native plugins for Editor in 0.00 ms.
Unloading 1124 Unused Serialized files (Serialized files now loaded: 0)
System memory in use before: 149.2 MB.
System memory in use after: 149.3 MB.

Unloading 5 unused Assets to reduce memory usage. Loaded Objects now: 1622.
Total: 3.056100 ms (FindLiveObjects: 0.217200 ms CreateObjectMapping: 0.066400 ms MarkObjects: 2.648700 ms  DeleteObjects: 0.121700 ms)

========================================================================
Received Prepare
Registering precompiled user dll's ...
Registered in 0.001678 seconds.
Begin MonoManager ReloadAssembly
Native extension for WindowsStandalone target not found
Refreshing native plugins compatible for Editor in 0.47 ms, found 0 plugins.
Preloading 0 native plugins for Editor in 0.00 ms.
Invoked RoslynAnalysisRunner static constructor.
RoslynAnalysisRunner will not be running.
RoslynAnalysisRunner has terminated.
Mono: successfully reloaded assembly
- Completed reload, in  2.524 seconds
Platform modules already initialized, skipping
Refreshing native plugins compatible for Editor in 0.77 ms, found 0 plugins.
Preloading 0 native plugins for Editor in 0.00 ms.
Unloading 1124 Unused Serialized files (Serialized files now loaded: 0)
System memory in use before: 149.2 MB.
System memory in use after: 149.3 MB.

Unloading 5 unused Assets to reduce memory usage. Loaded Objects now: 1625.
Total: 3.785400 ms (FindLiveObjects: 0.223600 ms CreateObjectMapping: 0.066800 ms MarkObjects: 3.309200 ms  DeleteObjects: 0.183500 ms)

========================================================================
Received Import Request.
  Time since last request: 1618.774228 seconds.
  path: Assets/Scripts/pickGrenade.cs
  artifactKey: Guid(b8904210e78c932498eba85002fbee84) Importer(815301076,1909f56bfc062723c751e8b465ee728b)
Start importing Assets/Scripts/pickGrenade.cs using Guid(b8904210e78c932498eba85002fbee84) Importer(815301076,1909f56bfc062723c751e8b465ee728b)  -> (artifact id: 'd5b363bbead41b8988144ee4c03da87f') in 0.010066 seconds
  Import took 0.023721 seconds .

========================================================================
Received Import Request.
  Time since last request: 165.457218 seconds.
  path: Assets/Scripts/pickGrenade1.cs
  artifactKey: Guid(ac64b5919c3a5204abb1be9b148b8df5) Importer(815301076,1909f56bfc062723c751e8b465ee728b)
Start importing Assets/Scripts/pickGrenade1.cs using Guid(ac64b5919c3a5204abb1be9b148b8df5) Importer(815301076,1909f56bfc062723c751e8b465ee728b)  -> (artifact id: '2debcdf67e279eacde1501179fc66641') in 0.019015 seconds
  Import took 0.025125 seconds .

========================================================================
Received Prepare
Registering precompiled user dll's ...
Registered in 0.002735 seconds.
Begin MonoManager ReloadAssembly
Native extension for WindowsStandalone target not found
Refreshing native plugins compatible for Editor in 0.73 ms, found 0 plugins.
Preloading 0 native plugins for Editor in 0.00 ms.
Invoked RoslynAnalysisRunner static constructor.
RoslynAnalysisRunner will not be running.
RoslynAnalysisRunner has terminated.
Mono: successfully reloaded assembly
- Completed reload, in  2.647 seconds
Platform modules already initialized, skipping
Refreshing native plugins compatible for Editor in 0.83 ms, found 0 plugins.
Preloading 0 native plugins for Editor in 0.00 ms.
Unloading 1124 Unused Serialized files (Serialized files now loaded: 0)
System memory in use before: 149.2 MB.
System memory in use after: 149.3 MB.

Unloading 5 unused Assets to reduce memory usage. Loaded Objects now: 1628.
Total: 2.995800 ms (FindLiveObjects: 0.221900 ms CreateObjectMapping: 0.065800 ms MarkObjects: 2.555900 ms  DeleteObjects: 0.150000 ms)

========================================================================
Received Import Request.
  Time since last request: 17.408542 seconds.
  path: Assets/Scripts/rrg.cs
  artifactKey: Guid(b8904210e78c932498eba85002fbee84) Importer(815301076,1909f56bfc062723c751e8b465ee728b)
Start importing Assets/Scripts/rrg.cs using Guid(b8904210e78c932498eba85002fbee84) Importer(815301076,1909f56bfc062723c751e8b465ee728b)  -> (artifact id: '725aa977f4fe91dfa582b21c01a440b2') in 0.025381 seconds
  Import took 0.031397 seconds .

========================================================================
Received Prepare
Registering precompiled user dll's ...
Registered in 0.001732 seconds.
Begin MonoManager ReloadAssembly
Native extension for WindowsStandalone target not found
Refreshing native plugins compatible for Editor in 0.54 ms, found 0 plugins.
Preloading 0 native plugins for Editor in 0.00 ms.
Invoked RoslynAnalysisRunner static constructor.
RoslynAnalysisRunner will not be running.
RoslynAnalysisRunner has terminated.
Mono: successfully reloaded assembly
- Completed reload, in  2.302 seconds
Platform modules already initialized, skipping
Script is not up to date after domain reload: guid(06d5557e488aa914795a128dc2eced9a) path("Assets/Scripts/PickGrenade.cs") state(2)
Refreshing native plugins compatible for Editor in 0.83 ms, found 0 plugins.
Preloading 0 native plugins for Editor in 0.00 ms.
Unloading 1124 Unused Serialized files (Serialized files now loaded: 0)
System memory in use before: 149.2 MB.
System memory in use after: 149.3 MB.

Unloading 5 unused Assets to reduce memory usage. Loaded Objects now: 1631.
Total: 4.117800 ms (FindLiveObjects: 0.349500 ms CreateObjectMapping: 0.112600 ms MarkObjects: 3.471000 ms  DeleteObjects: 0.181800 ms)

========================================================================
Received Import Request.
  Time since last request: 12.346699 seconds.
  path: Assets/Scripts/PickGrenade.cs
  artifactKey: Guid(06d5557e488aa914795a128dc2eced9a) Importer(815301076,1909f56bfc062723c751e8b465ee728b)
Start importing Assets/Scripts/PickGrenade.cs using Guid(06d5557e488aa914795a128dc2eced9a) Importer(815301076,1909f56bfc062723c751e8b465ee728b)  -> (artifact id: '09d47335b616efb2be2018d3b11ff1b4') in 0.026200 seconds
  Import took 0.032865 seconds .

========================================================================
Received Import Request.
  Time since last request: 126.545736 seconds.
  path: Assets/Scripts/PickGrenade.cs
  artifactKey: Guid(06d5557e488aa914795a128dc2eced9a) Importer(815301076,1909f56bfc062723c751e8b465ee728b)
Start importing Assets/Scripts/PickGrenade.cs using Guid(06d5557e488aa914795a128dc2eced9a) Importer(815301076,1909f56bfc062723c751e8b465ee728b)  -> (artifact id: 'fda97c5574deeda9621233e731c0597b') in 0.009125 seconds
  Import took 0.015793 seconds .

========================================================================
Received Prepare
Registering precompiled user dll's ...
Registered in 0.002416 seconds.
Begin MonoManager ReloadAssembly
Native extension for WindowsStandalone target not found
Refreshing native plugins compatible for Editor in 0.76 ms, found 0 plugins.
Preloading 0 native plugins for Editor in 0.00 ms.
Invoked RoslynAnalysisRunner static constructor.
RoslynAnalysisRunner will not be running.
RoslynAnalysisRunner has terminated.
Mono: successfully reloaded assembly
- Completed reload, in  2.822 seconds
Platform modules already initialized, skipping
Refreshing native plugins compatible for Editor in 1.41 ms, found 0 plugins.
Preloading 0 native plugins for Editor in 0.00 ms.
Unloading 1124 Unused Serialized files (Serialized files now loaded: 0)
System memory in use before: 149.2 MB.
System memory in use after: 149.3 MB.

Unloading 6 unused Assets to reduce memory usage. Loaded Objects now: 1634.
Total: 11.695300 ms (FindLiveObjects: 1.230400 ms CreateObjectMapping: 0.441300 ms MarkObjects: 9.788500 ms  DeleteObjects: 0.230000 ms)

========================================================================
Received Import Request.
  Time since last request: 61.567312 seconds.
  path: Assets/Sounds/Western Demo Audio Assets/Objects
  artifactKey: Guid(0b0bca98415ad4fa18d5fdaf45b52647) Importer(815301076,1909f56bfc062723c751e8b465ee728b)
Start importing Assets/Sounds/Western Demo Audio Assets/Objects using Guid(0b0bca98415ad4fa18d5fdaf45b52647) Importer(815301076,1909f56bfc062723c751e8b465ee728b)  -> (artifact id: 'd7a474f4637477f72592920ac19ead64') in 0.028759 seconds
  Import took 0.034803 seconds .

========================================================================
Received Import Request.
  Time since last request: 0.008295 seconds.
  path: Assets/Sounds/Western Demo Audio Assets/Objects
  artifactKey: Guid(0b0bca98415ad4fa18d5fdaf45b52647) Importer(815301076,1909f56bfc062723c751e8b465ee728b)
Start importing Assets/Sounds/Western Demo Audio Assets/Objects using Guid(0b0bca98415ad4fa18d5fdaf45b52647) Importer(815301076,1909f56bfc062723c751e8b465ee728b)  -> (artifact id: 'd7a474f4637477f72592920ac19ead64') in 0.008840 seconds
  Import took 0.014300 seconds .

========================================================================
Received Prepare
Registering precompiled user dll's ...
Registered in 0.005120 seconds.
Begin MonoManager ReloadAssembly
Native extension for WindowsStandalone target not found
Refreshing native plugins compatible for Editor in 0.67 ms, found 0 plugins.
Preloading 0 native plugins for Editor in 0.00 ms.
Invoked RoslynAnalysisRunner static constructor.
RoslynAnalysisRunner will not be running.
RoslynAnalysisRunner has terminated.
Mono: successfully reloaded assembly
- Completed reload, in  3.168 seconds
Platform modules already initialized, skipping
Refreshing native plugins compatible for Editor in 0.54 ms, found 0 plugins.
Preloading 0 native plugins for Editor in 0.00 ms.
Unloading 1124 Unused Serialized files (Serialized files now loaded: 0)
System memory in use before: 149.2 MB.
System memory in use after: 149.3 MB.

Unloading 5 unused Assets to reduce memory usage. Loaded Objects now: 1637.
Total: 9.901700 ms (FindLiveObjects: 0.504700 ms CreateObjectMapping: 0.147500 ms MarkObjects: 9.034800 ms  DeleteObjects: 0.211100 ms)

========================================================================
Received Prepare
Registering precompiled user dll's ...
Registered in 0.003223 seconds.
Begin MonoManager ReloadAssembly
Native extension for WindowsStandalone target not found
Refreshing native plugins compatible for Editor in 0.71 ms, found 0 plugins.
Preloading 0 native plugins for Editor in 0.00 ms.
Invoked RoslynAnalysisRunner static constructor.
RoslynAnalysisRunner will not be running.
RoslynAnalysisRunner has terminated.
Mono: successfully reloaded assembly
- Completed reload, in  2.387 seconds
Platform modules already initialized, skipping
Refreshing native plugins compatible for Editor in 1.80 ms, found 0 plugins.
Preloading 0 native plugins for Editor in 0.00 ms.
Unloading 1124 Unused Serialized files (Serialized files now loaded: 0)
System memory in use before: 149.2 MB.
System memory in use after: 149.3 MB.

Unloading 5 unused Assets to reduce memory usage. Loaded Objects now: 1640.
Total: 3.763100 ms (FindLiveObjects: 0.449100 ms CreateObjectMapping: 0.239500 ms MarkObjects: 2.936800 ms  DeleteObjects: 0.135200 ms)

========================================================================
Received Prepare
Registering precompiled user dll's ...
Registered in 0.003162 seconds.
Begin MonoManager ReloadAssembly
Native extension for WindowsStandalone target not found
Refreshing native plugins compatible for Editor in 0.77 ms, found 0 plugins.
Preloading 0 native plugins for Editor in 0.00 ms.
Invoked RoslynAnalysisRunner static constructor.
RoslynAnalysisRunner will not be running.
RoslynAnalysisRunner has terminated.
Mono: successfully reloaded assembly
- Completed reload, in  1.735 seconds
Platform modules already initialized, skipping
Refreshing native plugins compatible for Editor in 0.45 ms, found 0 plugins.
Preloading 0 native plugins for Editor in 0.00 ms.
Unloading 1124 Unused Serialized files (Serialized files now loaded: 0)
System memory in use before: 149.2 MB.
System memory in use after: 149.3 MB.

Unloading 5 unused Assets to reduce memory usage. Loaded Objects now: 1643.
Total: 14.420400 ms (FindLiveObjects: 0.565300 ms CreateObjectMapping: 0.134000 ms MarkObjects: 13.180800 ms  DeleteObjects: 0.533700 ms)

========================================================================
Received Prepare
Registering precompiled user dll's ...
Registered in 0.003169 seconds.
Begin MonoManager ReloadAssembly
Native extension for WindowsStandalone target not found
Refreshing native plugins compatible for Editor in 0.55 ms, found 0 plugins.
Preloading 0 native plugins for Editor in 0.00 ms.
Invoked RoslynAnalysisRunner static constructor.
RoslynAnalysisRunner will not be running.
RoslynAnalysisRunner has terminated.
Mono: successfully reloaded assembly
- Completed reload, in  2.640 seconds
Platform modules already initialized, skipping
Refreshing native plugins compatible for Editor in 0.88 ms, found 0 plugins.
Preloading 0 native plugins for Editor in 0.00 ms.
Unloading 1124 Unused Serialized files (Serialized files now loaded: 0)
System memory in use before: 149.2 MB.
System memory in use after: 149.3 MB.

Unloading 5 unused Assets to reduce memory usage. Loaded Objects now: 1646.
Total: 4.771800 ms (FindLiveObjects: 0.342400 ms CreateObjectMapping: 0.128300 ms MarkObjects: 4.099400 ms  DeleteObjects: 0.198100 ms)

========================================================================
Received Prepare
Registering precompiled user dll's ...
Registered in 0.002706 seconds.
Begin MonoManager ReloadAssembly
Native extension for WindowsStandalone target not found
Refreshing native plugins compatible for Editor in 0.82 ms, found 0 plugins.
Preloading 0 native plugins for Editor in 0.00 ms.
Invoked RoslynAnalysisRunner static constructor.
RoslynAnalysisRunner will not be running.
RoslynAnalysisRunner has terminated.
Mono: successfully reloaded assembly
- Completed reload, in  2.649 seconds
Platform modules already initialized, skipping
Refreshing native plugins compatible for Editor in 1.26 ms, found 0 plugins.
Preloading 0 native plugins for Editor in 0.00 ms.
Unloading 1124 Unused Serialized files (Serialized files now loaded: 0)
System memory in use before: 149.2 MB.
System memory in use after: 149.3 MB.

Unloading 5 unused Assets to reduce memory usage. Loaded Objects now: 1649.
Total: 10.689700 ms (FindLiveObjects: 0.644500 ms CreateObjectMapping: 0.262100 ms MarkObjects: 9.412400 ms  DeleteObjects: 0.365200 ms)

========================================================================
Received Prepare
Registering precompiled user dll's ...
Registered in 0.001709 seconds.
Begin MonoManager ReloadAssembly
Native extension for WindowsStandalone target not found
Refreshing native plugins compatible for Editor in 0.45 ms, found 0 plugins.
Preloading 0 native plugins for Editor in 0.00 ms.
Invoked RoslynAnalysisRunner static constructor.
RoslynAnalysisRunner will not be running.
RoslynAnalysisRunner has terminated.
Mono: successfully reloaded assembly
- Completed reload, in  2.781 seconds
Platform modules already initialized, skipping
Refreshing native plugins compatible for Editor in 0.57 ms, found 0 plugins.
Preloading 0 native plugins for Editor in 0.00 ms.
Unloading 1124 Unused Serialized files (Serialized files now loaded: 0)
System memory in use before: 149.2 MB.
System memory in use after: 149.3 MB.

Unloading 5 unused Assets to reduce memory usage. Loaded Objects now: 1652.
Total: 3.330200 ms (FindLiveObjects: 0.350500 ms CreateObjectMapping: 0.117600 ms MarkObjects: 2.728900 ms  DeleteObjects: 0.130700 ms)

========================================================================
Received Import Request.
  Time since last request: 4556.715952 seconds.
  path: Assets/Animations/good1CTRL.controller
  artifactKey: Guid(b9cb88da1f718bf47884d6298e6f7924) Importer(815301076,1909f56bfc062723c751e8b465ee728b)
Start importing Assets/Animations/good1CTRL.controller using Guid(b9cb88da1f718bf47884d6298e6f7924) Importer(815301076,1909f56bfc062723c751e8b465ee728b)  -> (artifact id: 'd7ebde3272169af6b1603328411cffce') in 0.190630 seconds
  Import took 0.196690 seconds .

========================================================================
Received Prepare
Registering precompiled user dll's ...
Registered in 0.002643 seconds.
Begin MonoManager ReloadAssembly
Native extension for WindowsStandalone target not found
Refreshing native plugins compatible for Editor in 0.47 ms, found 0 plugins.
Preloading 0 native plugins for Editor in 0.00 ms.
Invoked RoslynAnalysisRunner static constructor.
RoslynAnalysisRunner will not be running.
RoslynAnalysisRunner has terminated.
Mono: successfully reloaded assembly
- Completed reload, in  2.297 seconds
Platform modules already initialized, skipping
Refreshing native plugins compatible for Editor in 0.80 ms, found 0 plugins.
Preloading 0 native plugins for Editor in 0.00 ms.
Unloading 1124 Unused Serialized files (Serialized files now loaded: 0)
System memory in use before: 149.3 MB.
System memory in use after: 149.3 MB.

Unloading 5 unused Assets to reduce memory usage. Loaded Objects now: 1655.
Total: 4.674600 ms (FindLiveObjects: 0.365800 ms CreateObjectMapping: 0.116900 ms MarkObjects: 3.999900 ms  DeleteObjects: 0.189300 ms)

========================================================================
Received Prepare
Registering precompiled user dll's ...
Registered in 0.005350 seconds.
Begin MonoManager ReloadAssembly
Native extension for WindowsStandalone target not found
Refreshing native plugins compatible for Editor in 10.59 ms, found 0 plugins.
Preloading 0 native plugins for Editor in 0.00 ms.
Invoked RoslynAnalysisRunner static constructor.
RoslynAnalysisRunner will not be running.
RoslynAnalysisRunner has terminated.
Mono: successfully reloaded assembly
- Completed reload, in  6.531 seconds
Platform modules already initialized, skipping
Refreshing native plugins compatible for Editor in 0.79 ms, found 0 plugins.
Preloading 0 native plugins for Editor in 0.00 ms.
Unloading 1124 Unused Serialized files (Serialized files now loaded: 0)
System memory in use before: 149.3 MB.
System memory in use after: 149.3 MB.

Unloading 5 unused Assets to reduce memory usage. Loaded Objects now: 1658.
Total: 28.435000 ms (FindLiveObjects: 0.652100 ms CreateObjectMapping: 3.485900 ms MarkObjects: 24.107300 ms  DeleteObjects: 0.186600 ms)

========================================================================
Received Prepare
Registering precompiled user dll's ...
Registered in 0.002857 seconds.
Begin MonoManager ReloadAssembly
Native extension for WindowsStandalone target not found
Refreshing native plugins compatible for Editor in 0.59 ms, found 0 plugins.
Preloading 0 native plugins for Editor in 0.00 ms.
Invoked RoslynAnalysisRunner static constructor.
RoslynAnalysisRunner will not be running.
RoslynAnalysisRunner has terminated.
Mono: successfully reloaded assembly
- Completed reload, in  3.381 seconds
Platform modules already initialized, skipping
Refreshing native plugins compatible for Editor in 0.68 ms, found 0 plugins.
Preloading 0 native plugins for Editor in 0.00 ms.
Unloading 1124 Unused Serialized files (Serialized files now loaded: 0)
System memory in use before: 149.3 MB.
System memory in use after: 149.4 MB.

Unloading 5 unused Assets to reduce memory usage. Loaded Objects now: 1661.
Total: 5.045300 ms (FindLiveObjects: 0.796100 ms CreateObjectMapping: 0.454200 ms MarkObjects: 3.614100 ms  DeleteObjects: 0.175100 ms)

========================================================================
Received Prepare
Registering precompiled user dll's ...
Registered in 0.003151 seconds.
Begin MonoManager ReloadAssembly
Native extension for WindowsStandalone target not found
Refreshing native plugins compatible for Editor in 0.50 ms, found 0 plugins.
Preloading 0 native plugins for Editor in 0.00 ms.
Invoked RoslynAnalysisRunner static constructor.
RoslynAnalysisRunner will not be running.
RoslynAnalysisRunner has terminated.
Mono: successfully reloaded assembly
- Completed reload, in  2.116 seconds
Platform modules already initialized, skipping
Refreshing native plugins compatible for Editor in 0.46 ms, found 0 plugins.
Preloading 0 native plugins for Editor in 0.00 ms.
Unloading 1124 Unused Serialized files (Serialized files now loaded: 0)
System memory in use before: 149.3 MB.
System memory in use after: 149.4 MB.

Unloading 5 unused Assets to reduce memory usage. Loaded Objects now: 1664.
Total: 4.036700 ms (FindLiveObjects: 0.233300 ms CreateObjectMapping: 0.069300 ms MarkObjects: 3.177300 ms  DeleteObjects: 0.553900 ms)

========================================================================
Received Prepare
Registering precompiled user dll's ...
Registered in 0.001902 seconds.
Begin MonoManager ReloadAssembly
Native extension for WindowsStandalone target not found
Refreshing native plugins compatible for Editor in 0.58 ms, found 0 plugins.
Preloading 0 native plugins for Editor in 0.00 ms.
Invoked RoslynAnalysisRunner static constructor.
RoslynAnalysisRunner will not be running.
RoslynAnalysisRunner has terminated.
Mono: successfully reloaded assembly
- Completed reload, in  1.796 seconds
Platform modules already initialized, skipping
Refreshing native plugins compatible for Editor in 0.44 ms, found 0 plugins.
Preloading 0 native plugins for Editor in 0.00 ms.
Unloading 1124 Unused Serialized files (Serialized files now loaded: 0)
System memory in use before: 149.3 MB.
System memory in use after: 149.4 MB.

Unloading 5 unused Assets to reduce memory usage. Loaded Objects now: 1667.
Total: 2.910600 ms (FindLiveObjects: 0.219300 ms CreateObjectMapping: 0.075800 ms MarkObjects: 2.480200 ms  DeleteObjects: 0.132200 ms)

========================================================================
Received Import Request.
  Time since last request: 48692.116489 seconds.
  path: Assets/Scripts/PickGrenade.cs
  artifactKey: Guid(06d5557e488aa914795a128dc2eced9a) Importer(815301076,1909f56bfc062723c751e8b465ee728b)
Start importing Assets/Scripts/PickGrenade.cs using Guid(06d5557e488aa914795a128dc2eced9a) Importer(815301076,1909f56bfc062723c751e8b465ee728b)  -> (artifact id: '0ae80a798413fa50d3acca3767541427') in 0.024816 seconds
  Import took 0.031694 seconds .

========================================================================
Received Import Request.
  Time since last request: 0.005790 seconds.
  path: Assets/Scripts/PickGrenade.cs
  artifactKey: Guid(06d5557e488aa914795a128dc2eced9a) Importer(815301076,1909f56bfc062723c751e8b465ee728b)
Start importing Assets/Scripts/PickGrenade.cs using Guid(06d5557e488aa914795a128dc2eced9a) Importer(815301076,1909f56bfc062723c751e8b465ee728b)  -> (artifact id: '0ae80a798413fa50d3acca3767541427') in 0.009116 seconds
  Import took 0.013662 seconds .

========================================================================
Received Prepare
Registering precompiled user dll's ...
Registered in 0.002066 seconds.
Begin MonoManager ReloadAssembly
Native extension for WindowsStandalone target not found
Refreshing native plugins compatible for Editor in 0.46 ms, found 0 plugins.
Preloading 0 native plugins for Editor in 0.00 ms.
Invoked RoslynAnalysisRunner static constructor.
RoslynAnalysisRunner will not be running.
RoslynAnalysisRunner has terminated.
Mono: successfully reloaded assembly
- Completed reload, in  1.872 seconds
Platform modules already initialized, skipping
Refreshing native plugins compatible for Editor in 0.45 ms, found 0 plugins.
Preloading 0 native plugins for Editor in 0.00 ms.
Unloading 1124 Unused Serialized files (Serialized files now loaded: 0)
System memory in use before: 149.3 MB.
System memory in use after: 149.4 MB.

Unloading 5 unused Assets to reduce memory usage. Loaded Objects now: 1670.
Total: 3.326200 ms (FindLiveObjects: 0.361400 ms CreateObjectMapping: 0.091400 ms MarkObjects: 2.675500 ms  DeleteObjects: 0.194700 ms)

========================================================================
Received Prepare
Registering precompiled user dll's ...
Registered in 0.001902 seconds.
Begin MonoManager ReloadAssembly
Native extension for WindowsStandalone target not found
Refreshing native plugins compatible for Editor in 0.47 ms, found 0 plugins.
Preloading 0 native plugins for Editor in 0.00 ms.
Invoked RoslynAnalysisRunner static constructor.
RoslynAnalysisRunner will not be running.
RoslynAnalysisRunner has terminated.
Mono: successfully reloaded assembly
- Completed reload, in  2.063 seconds
Platform modules already initialized, skipping
Refreshing native plugins compatible for Editor in 0.45 ms, found 0 plugins.
Preloading 0 native plugins for Editor in 0.00 ms.
Unloading 1124 Unused Serialized files (Serialized files now loaded: 0)
System memory in use before: 149.3 MB.
System memory in use after: 149.4 MB.

Unloading 5 unused Assets to reduce memory usage. Loaded Objects now: 1673.
Total: 3.985500 ms (FindLiveObjects: 0.306300 ms CreateObjectMapping: 0.069600 ms MarkObjects: 3.390000 ms  DeleteObjects: 0.216900 ms)

========================================================================
Received Prepare
Registering precompiled user dll's ...
Registered in 0.002060 seconds.
Begin MonoManager ReloadAssembly
Native extension for WindowsStandalone target not found
Refreshing native plugins compatible for Editor in 0.47 ms, found 0 plugins.
Preloading 0 native plugins for Editor in 0.00 ms.
Invoked RoslynAnalysisRunner static constructor.
RoslynAnalysisRunner will not be running.
RoslynAnalysisRunner has terminated.
Mono: successfully reloaded assembly
- Completed reload, in  1.818 seconds
Platform modules already initialized, skipping
Refreshing native plugins compatible for Editor in 0.47 ms, found 0 plugins.
Preloading 0 native plugins for Editor in 0.00 ms.
Unloading 1124 Unused Serialized files (Serialized files now loaded: 0)
System memory in use before: 149.3 MB.
System memory in use after: 149.4 MB.

Unloading 5 unused Assets to reduce memory usage. Loaded Objects now: 1676.
Total: 4.046100 ms (FindLiveObjects: 0.236200 ms CreateObjectMapping: 0.069800 ms MarkObjects: 3.543800 ms  DeleteObjects: 0.193700 ms)

========================================================================
Received Prepare
Registering precompiled user dll's ...
Registered in 0.002743 seconds.
Begin MonoManager ReloadAssembly
Native extension for WindowsStandalone target not found
Refreshing native plugins compatible for Editor in 0.47 ms, found 0 plugins.
Preloading 0 native plugins for Editor in 0.00 ms.
Invoked RoslynAnalysisRunner static constructor.
RoslynAnalysisRunner will not be running.
RoslynAnalysisRunner has terminated.
Mono: successfully reloaded assembly
- Completed reload, in  1.916 seconds
Platform modules already initialized, skipping
Refreshing native plugins compatible for Editor in 0.48 ms, found 0 plugins.
Preloading 0 native plugins for Editor in 0.00 ms.
Unloading 1124 Unused Serialized files (Serialized files now loaded: 0)
System memory in use before: 149.3 MB.
System memory in use after: 149.4 MB.

Unloading 5 unused Assets to reduce memory usage. Loaded Objects now: 1679.
Total: 4.045700 ms (FindLiveObjects: 0.350300 ms CreateObjectMapping: 0.120200 ms MarkObjects: 3.352500 ms  DeleteObjects: 0.219800 ms)

========================================================================
Received Prepare
Registering precompiled user dll's ...
Registered in 0.001760 seconds.
Begin MonoManager ReloadAssembly
Native extension for WindowsStandalone target not found
Refreshing native plugins compatible for Editor in 0.53 ms, found 0 plugins.
Preloading 0 native plugins for Editor in 0.00 ms.
Invoked RoslynAnalysisRunner static constructor.
RoslynAnalysisRunner will not be running.
RoslynAnalysisRunner has terminated.
Mono: successfully reloaded assembly
- Completed reload, in  2.210 seconds
Platform modules already initialized, skipping
Refreshing native plugins compatible for Editor in 0.50 ms, found 0 plugins.
Preloading 0 native plugins for Editor in 0.00 ms.
Unloading 1124 Unused Serialized files (Serialized files now loaded: 0)
System memory in use before: 149.3 MB.
System memory in use after: 149.4 MB.

Unloading 5 unused Assets to reduce memory usage. Loaded Objects now: 1682.
Total: 4.945900 ms (FindLiveObjects: 0.397900 ms CreateObjectMapping: 0.110000 ms MarkObjects: 4.237300 ms  DeleteObjects: 0.195300 ms)

========================================================================
Received Prepare
Registering precompiled user dll's ...
Registered in 0.002904 seconds.
Begin MonoManager ReloadAssembly
Native extension for WindowsStandalone target not found
Refreshing native plugins compatible for Editor in 0.79 ms, found 0 plugins.
Preloading 0 native plugins for Editor in 0.00 ms.
Invoked RoslynAnalysisRunner static constructor.
RoslynAnalysisRunner will not be running.
RoslynAnalysisRunner has terminated.
Mono: successfully reloaded assembly
- Completed reload, in  1.963 seconds
Platform modules already initialized, skipping
Refreshing native plugins compatible for Editor in 0.47 ms, found 0 plugins.
Preloading 0 native plugins for Editor in 0.00 ms.
Unloading 1124 Unused Serialized files (Serialized files now loaded: 0)
System memory in use before: 149.3 MB.
System memory in use after: 149.4 MB.

Unloading 5 unused Assets to reduce memory usage. Loaded Objects now: 1685.
Total: 4.727800 ms (FindLiveObjects: 0.254300 ms CreateObjectMapping: 0.073500 ms MarkObjects: 4.196800 ms  DeleteObjects: 0.200600 ms)

========================================================================
Received Prepare
Registering precompiled user dll's ...
Registered in 0.002825 seconds.
Begin MonoManager ReloadAssembly
Native extension for WindowsStandalone target not found
Refreshing native plugins compatible for Editor in 0.43 ms, found 0 plugins.
Preloading 0 native plugins for Editor in 0.00 ms.
Invoked RoslynAnalysisRunner static constructor.
RoslynAnalysisRunner will not be running.
RoslynAnalysisRunner has terminated.
Mono: successfully reloaded assembly
- Completed reload, in  2.107 seconds
Platform modules already initialized, skipping
Refreshing native plugins compatible for Editor in 0.99 ms, found 0 plugins.
Preloading 0 native plugins for Editor in 0.00 ms.
Unloading 1124 Unused Serialized files (Serialized files now loaded: 0)
System memory in use before: 149.3 MB.
System memory in use after: 149.4 MB.

Unloading 5 unused Assets to reduce memory usage. Loaded Objects now: 1688.
Total: 5.549800 ms (FindLiveObjects: 0.621200 ms CreateObjectMapping: 0.135900 ms MarkObjects: 4.596500 ms  DeleteObjects: 0.181300 ms)

========================================================================
Received Prepare
Registering precompiled user dll's ...
Registered in 0.002756 seconds.
Begin MonoManager ReloadAssembly
Native extension for WindowsStandalone target not found
Refreshing native plugins compatible for Editor in 0.53 ms, found 0 plugins.
Preloading 0 native plugins for Editor in 0.00 ms.
Invoked RoslynAnalysisRunner static constructor.
RoslynAnalysisRunner will not be running.
RoslynAnalysisRunner has terminated.
Mono: successfully reloaded assembly
- Completed reload, in  2.130 seconds
Platform modules already initialized, skipping
Refreshing native plugins compatible for Editor in 0.98 ms, found 0 plugins.
Preloading 0 native plugins for Editor in 0.00 ms.
Unloading 1124 Unused Serialized files (Serialized files now loaded: 0)
System memory in use before: 149.3 MB.
System memory in use after: 149.4 MB.

Unloading 5 unused Assets to reduce memory usage. Loaded Objects now: 1691.
Total: 8.951000 ms (FindLiveObjects: 0.525300 ms CreateObjectMapping: 0.124200 ms MarkObjects: 7.929300 ms  DeleteObjects: 0.363000 ms)

========================================================================
Received Prepare
Registering precompiled user dll's ...
Registered in 0.002757 seconds.
Begin MonoManager ReloadAssembly
Native extension for WindowsStandalone target not found
Refreshing native plugins compatible for Editor in 0.49 ms, found 0 plugins.
Preloading 0 native plugins for Editor in 0.00 ms.
Invoked RoslynAnalysisRunner static constructor.
RoslynAnalysisRunner will not be running.
RoslynAnalysisRunner has terminated.
Mono: successfully reloaded assembly
- Completed reload, in  2.057 seconds
Platform modules already initialized, skipping
Refreshing native plugins compatible for Editor in 0.47 ms, found 0 plugins.
Preloading 0 native plugins for Editor in 0.00 ms.
Unloading 1124 Unused Serialized files (Serialized files now loaded: 0)
System memory in use before: 149.3 MB.
System memory in use after: 149.4 MB.

Unloading 5 unused Assets to reduce memory usage. Loaded Objects now: 1694.
Total: 3.162400 ms (FindLiveObjects: 0.239400 ms CreateObjectMapping: 0.070800 ms MarkObjects: 2.708500 ms  DeleteObjects: 0.141100 ms)

========================================================================
Received Prepare
Registering precompiled user dll's ...
Registered in 0.003890 seconds.
Begin MonoManager ReloadAssembly
Native extension for WindowsStandalone target not found
Refreshing native plugins compatible for Editor in 0.60 ms, found 0 plugins.
Preloading 0 native plugins for Editor in 0.00 ms.
Invoked RoslynAnalysisRunner static constructor.
RoslynAnalysisRunner will not be running.
RoslynAnalysisRunner has terminated.
Mono: successfully reloaded assembly
- Completed reload, in  3.547 seconds
Platform modules already initialized, skipping
Refreshing native plugins compatible for Editor in 1.16 ms, found 0 plugins.
Preloading 0 native plugins for Editor in 0.00 ms.
Unloading 1124 Unused Serialized files (Serialized files now loaded: 0)
System memory in use before: 149.4 MB.
System memory in use after: 149.4 MB.

Unloading 5 unused Assets to reduce memory usage. Loaded Objects now: 1697.
Total: 4.899400 ms (FindLiveObjects: 0.491000 ms CreateObjectMapping: 0.145300 ms MarkObjects: 4.057200 ms  DeleteObjects: 0.201700 ms)

========================================================================
Received Prepare
Registering precompiled user dll's ...
Registered in 0.002324 seconds.
Begin MonoManager ReloadAssembly
Native extension for WindowsStandalone target not found
Refreshing native plugins compatible for Editor in 0.54 ms, found 0 plugins.
Preloading 0 native plugins for Editor in 0.00 ms.
Invoked RoslynAnalysisRunner static constructor.
RoslynAnalysisRunner will not be running.
RoslynAnalysisRunner has terminated.
Mono: successfully reloaded assembly
- Completed reload, in  3.283 seconds
Platform modules already initialized, skipping
Refreshing native plugins compatible for Editor in 1.17 ms, found 0 plugins.
Preloading 0 native plugins for Editor in 0.00 ms.
Unloading 1124 Unused Serialized files (Serialized files now loaded: 0)
System memory in use before: 149.4 MB.
System memory in use after: 149.4 MB.

Unloading 5 unused Assets to reduce memory usage. Loaded Objects now: 1700.
Total: 5.443300 ms (FindLiveObjects: 0.328000 ms CreateObjectMapping: 0.109800 ms MarkObjects: 4.791500 ms  DeleteObjects: 0.210000 ms)

========================================================================
Received Prepare
Registering precompiled user dll's ...
Registered in 0.002087 seconds.
Begin MonoManager ReloadAssembly
Native extension for WindowsStandalone target not found
Refreshing native plugins compatible for Editor in 0.46 ms, found 0 plugins.
Preloading 0 native plugins for Editor in 0.00 ms.
Invoked RoslynAnalysisRunner static constructor.
RoslynAnalysisRunner will not be running.
RoslynAnalysisRunner has terminated.
Mono: successfully reloaded assembly
- Completed reload, in  1.952 seconds
Platform modules already initialized, skipping
Refreshing native plugins compatible for Editor in 0.50 ms, found 0 plugins.
Preloading 0 native plugins for Editor in 0.00 ms.
Unloading 1124 Unused Serialized files (Serialized files now loaded: 0)
System memory in use before: 149.4 MB.
System memory in use after: 149.4 MB.

Unloading 5 unused Assets to reduce memory usage. Loaded Objects now: 1703.
Total: 3.287900 ms (FindLiveObjects: 0.369100 ms CreateObjectMapping: 0.127200 ms MarkObjects: 2.643000 ms  DeleteObjects: 0.146200 ms)

========================================================================
Received Prepare
Registering precompiled user dll's ...
Registered in 0.005917 seconds.
Begin MonoManager ReloadAssembly
Native extension for WindowsStandalone target not found
Refreshing native plugins compatible for Editor in 0.69 ms, found 0 plugins.
Preloading 0 native plugins for Editor in 0.00 ms.
Invoked RoslynAnalysisRunner static constructor.
RoslynAnalysisRunner will not be running.
RoslynAnalysisRunner has terminated.
Mono: successfully reloaded assembly
- Completed reload, in  2.143 seconds
Platform modules already initialized, skipping
Refreshing native plugins compatible for Editor in 0.47 ms, found 0 plugins.
Preloading 0 native plugins for Editor in 0.00 ms.
Unloading 1124 Unused Serialized files (Serialized files now loaded: 0)
System memory in use before: 149.4 MB.
System memory in use after: 149.4 MB.

Unloading 5 unused Assets to reduce memory usage. Loaded Objects now: 1706.
Total: 3.031700 ms (FindLiveObjects: 0.250600 ms CreateObjectMapping: 0.089900 ms MarkObjects: 2.550300 ms  DeleteObjects: 0.138400 ms)

========================================================================
Received Prepare
Registering precompiled user dll's ...
Registered in 0.002423 seconds.
Begin MonoManager ReloadAssembly
Native extension for WindowsStandalone target not found
Refreshing native plugins compatible for Editor in 0.55 ms, found 0 plugins.
Preloading 0 native plugins for Editor in 0.00 ms.
Invoked RoslynAnalysisRunner static constructor.
RoslynAnalysisRunner will not be running.
RoslynAnalysisRunner has terminated.
Mono: successfully reloaded assembly
- Completed reload, in  2.175 seconds
Platform modules already initialized, skipping
Refreshing native plugins compatible for Editor in 0.46 ms, found 0 plugins.
Preloading 0 native plugins for Editor in 0.00 ms.
Unloading 1124 Unused Serialized files (Serialized files now loaded: 0)
System memory in use before: 149.4 MB.
System memory in use after: 149.4 MB.

Unloading 5 unused Assets to reduce memory usage. Loaded Objects now: 1709.
Total: 4.119400 ms (FindLiveObjects: 0.253800 ms CreateObjectMapping: 0.071900 ms MarkObjects: 3.567000 ms  DeleteObjects: 0.224800 ms)

========================================================================
Received Prepare
Registering precompiled user dll's ...
Registered in 0.005127 seconds.
Begin MonoManager ReloadAssembly
Native extension for WindowsStandalone target not found
Refreshing native plugins compatible for Editor in 0.71 ms, found 0 plugins.
Preloading 0 native plugins for Editor in 0.00 ms.
Invoked RoslynAnalysisRunner static constructor.
RoslynAnalysisRunner will not be running.
RoslynAnalysisRunner has terminated.
Mono: successfully reloaded assembly
- Completed reload, in  3.579 seconds
Platform modules already initialized, skipping
Refreshing native plugins compatible for Editor in 0.52 ms, found 0 plugins.
Preloading 0 native plugins for Editor in 0.00 ms.
Unloading 1124 Unused Serialized files (Serialized files now loaded: 0)
System memory in use before: 149.4 MB.
System memory in use after: 149.4 MB.

Unloading 5 unused Assets to reduce memory usage. Loaded Objects now: 1712.
Total: 8.189400 ms (FindLiveObjects: 0.448600 ms CreateObjectMapping: 0.170600 ms MarkObjects: 7.298900 ms  DeleteObjects: 0.265800 ms)

========================================================================
Received Prepare
Registering precompiled user dll's ...
Registered in 0.001740 seconds.
Begin MonoManager ReloadAssembly
Native extension for WindowsStandalone target not found
Refreshing native plugins compatible for Editor in 0.53 ms, found 0 plugins.
Preloading 0 native plugins for Editor in 0.00 ms.
Invoked RoslynAnalysisRunner static constructor.
RoslynAnalysisRunner will not be running.
RoslynAnalysisRunner has terminated.
Mono: successfully reloaded assembly
- Completed reload, in  1.904 seconds
Platform modules already initialized, skipping
Refreshing native plugins compatible for Editor in 0.53 ms, found 0 plugins.
Preloading 0 native plugins for Editor in 0.00 ms.
Unloading 1124 Unused Serialized files (Serialized files now loaded: 0)
System memory in use before: 149.4 MB.
System memory in use after: 149.5 MB.

Unloading 5 unused Assets to reduce memory usage. Loaded Objects now: 1715.
Total: 3.353500 ms (FindLiveObjects: 0.261000 ms CreateObjectMapping: 0.100500 ms MarkObjects: 2.855000 ms  DeleteObjects: 0.134800 ms)

========================================================================
Received Prepare
Registering precompiled user dll's ...
Registered in 0.002580 seconds.
Begin MonoManager ReloadAssembly
Native extension for WindowsStandalone target not found
Refreshing native plugins compatible for Editor in 0.49 ms, found 0 plugins.
Preloading 0 native plugins for Editor in 0.00 ms.
Invoked RoslynAnalysisRunner static constructor.
RoslynAnalysisRunner will not be running.
RoslynAnalysisRunner has terminated.
Mono: successfully reloaded assembly
- Completed reload, in  1.972 seconds
Platform modules already initialized, skipping
Refreshing native plugins compatible for Editor in 0.45 ms, found 0 plugins.
Preloading 0 native plugins for Editor in 0.00 ms.
Unloading 1124 Unused Serialized files (Serialized files now loaded: 0)
System memory in use before: 149.4 MB.
System memory in use after: 149.5 MB.

Unloading 5 unused Assets to reduce memory usage. Loaded Objects now: 1718.
Total: 3.256000 ms (FindLiveObjects: 0.226000 ms CreateObjectMapping: 0.065900 ms MarkObjects: 2.828400 ms  DeleteObjects: 0.133600 ms)

========================================================================
Received Import Request.
  Time since last request: 8305.664388 seconds.
  path: ProjectSettings/TagManager.asset
  artifactKey: Guid(00000000000000003000000000000000) Importer(815301076,1909f56bfc062723c751e8b465ee728b)
Start importing ProjectSettings/TagManager.asset using Guid(00000000000000003000000000000000) Importer(815301076,1909f56bfc062723c751e8b465ee728b)  -> (artifact id: '9c4e8a9082a4ea4f3d7225dbdf56fe0d') in 0.052232 seconds
  Import took 0.058441 seconds .

========================================================================
Received Import Request.
  Time since last request: 0.005294 seconds.
  path: ProjectSettings/TagManager.asset
  artifactKey: Guid(00000000000000003000000000000000) Importer(815301076,1909f56bfc062723c751e8b465ee728b)
Start importing ProjectSettings/TagManager.asset using Guid(00000000000000003000000000000000) Importer(815301076,1909f56bfc062723c751e8b465ee728b)  -> (artifact id: '9c4e8a9082a4ea4f3d7225dbdf56fe0d') in 0.008419 seconds
  Import took 0.013399 seconds .

========================================================================
Received Prepare
Registering precompiled user dll's ...
Registered in 0.005293 seconds.
Begin MonoManager ReloadAssembly
Native extension for WindowsStandalone target not found
Refreshing native plugins compatible for Editor in 0.49 ms, found 0 plugins.
Preloading 0 native plugins for Editor in 0.00 ms.
Invoked RoslynAnalysisRunner static constructor.
RoslynAnalysisRunner will not be running.
RoslynAnalysisRunner has terminated.
Mono: successfully reloaded assembly
- Completed reload, in  2.449 seconds
Platform modules already initialized, skipping
Refreshing native plugins compatible for Editor in 0.47 ms, found 0 plugins.
Preloading 0 native plugins for Editor in 0.00 ms.
Unloading 1124 Unused Serialized files (Serialized files now loaded: 0)
System memory in use before: 149.4 MB.
System memory in use after: 149.5 MB.

Unloading 7 unused Assets to reduce memory usage. Loaded Objects now: 1721.
Total: 5.392900 ms (FindLiveObjects: 0.413300 ms CreateObjectMapping: 0.127800 ms MarkObjects: 4.637800 ms  DeleteObjects: 0.208600 ms)

========================================================================
Received Prepare
Registering precompiled user dll's ...
Registered in 0.001791 seconds.
Begin MonoManager ReloadAssembly
Native extension for WindowsStandalone target not found
Refreshing native plugins compatible for Editor in 0.48 ms, found 0 plugins.
Preloading 0 native plugins for Editor in 0.00 ms.
Invoked RoslynAnalysisRunner static constructor.
RoslynAnalysisRunner will not be running.
RoslynAnalysisRunner has terminated.
Mono: successfully reloaded assembly
- Completed reload, in  2.044 seconds
Platform modules already initialized, skipping
Refreshing native plugins compatible for Editor in 0.73 ms, found 0 plugins.
Preloading 0 native plugins for Editor in 0.00 ms.
Unloading 1124 Unused Serialized files (Serialized files now loaded: 0)
System memory in use before: 149.4 MB.
System memory in use after: 149.5 MB.

Unloading 5 unused Assets to reduce memory usage. Loaded Objects now: 1724.
Total: 4.269600 ms (FindLiveObjects: 0.281800 ms CreateObjectMapping: 0.068300 ms MarkObjects: 3.746000 ms  DeleteObjects: 0.170500 ms)

AssetImportWorkerClient::OnTransportError - code=2 error=End of file
